<?xml version="1.0" encoding="UTF-8"?>
<testsuite xmlns:xsi="http://www.w3.org/2001/XMLSchema-instance" xsi:noNamespaceSchemaLocation="https://maven.apache.org/surefire/maven-surefire-plugin/xsd/surefire-test-report-3.0.xsd" version="3.0" name="com.lastmile.delivery.DeliveryApplicationTests" time="12.306" tests="1" errors="0" skipped="0" failures="0">
  <properties>
[...]
</properties>
  <testcase name="contextLoads" classname="com.lastmile.delivery.DeliveryApplicationTests" time="0.622">
    <system-out><![CDATA[18:48:02.344 [main] INFO org.springframework.test.context.support.AnnotationConfigContextLoaderUtils -- Could not detect default configuration classes for test class [com.lastmile.delivery.DeliveryApplicationTests]: DeliveryApplicationTests does not declare any static, non-private, non-final, nested classes annotated with @Configuration.
18:48:02.538 [main] INFO org.springframework.boot.test.context.SpringBootTestContextBootstrapper -- Found @SpringBootConfiguration com.lastmile.delivery.DeliveryApplication for test class com.lastmile.delivery.DeliveryApplicationTests

  .   ____          _            __ _ _
 /\\ / ___'_ __ _ _(_)_ __  __ _ \ \ \ \
( ( )\___ | '_ | '_| | '_ \/ _` | \ \ \ \
 \\/  ___)| |_)| | | | | || (_| |  ) ) ) )
  '  |____| .__|_| |_|_| |_\__, | / / / /
 =========|_|==============|___/=/_/_/_/

 :: Spring Boot ::                (v3.3.3)

2026-08-24T18:48:03.309+05:30  INFO 10468 --- [           main] c.l.delivery.DeliveryApplicationTests    : Starting DeliveryApplicationTests using Java 17.0.10 with PID 10468 (started by cynic in C:\Users\cynic\Desktop\Last-Mile\LastMileDelivery\backend)
2026-08-24T18:48:03.312+05:30  INFO 10468 --- [           main] c.l.delivery.DeliveryApplicationTests    : No active profile set, falling back to 1 default profile: "default"
2026-08-24T18:48:04.770+05:30  INFO 10468 --- [           main] .s.d.r.c.RepositoryConfigurationDelegate : Bootstrapping Spring Data JPA repositories in DEFAULT mode.
2026-08-24T18:48:04.909+05:30  INFO 10468 --- [           main] .s.d.r.c.RepositoryConfigurationDelegate : Finished Spring Data repository scanning in 111 ms. Found 9 JPA repository interfaces.
2026-08-24T18:48:05.944+05:30  INFO 10468 --- [           main] o.hibernate.jpa.internal.util.LogHelper  : HHH000204: Processing PersistenceUnitInfo [name: default]
2026-08-24T18:48:06.052+05:30  INFO 10468 --- [           main] org.hibernate.Version                    : HHH000412: Hibernate ORM core version 6.5.2.Final
2026-08-24T18:48:06.142+05:30  INFO 10468 --- [           main] o.h.c.internal.RegionFactoryInitiator    : HHH000026: Second-level cache disabled
2026-08-24T18:48:06.811+05:30  INFO 10468 --- [           main] o.s.o.j.p.SpringPersistenceUnitInfo      : No LoadTimeWeaver setup: ignoring JPA class transformer
2026-08-24T18:48:06.854+05:30  INFO 10468 --- [           main] com.zaxxer.hikari.HikariDataSource       : HikariPool-1 - Starting...
2026-08-24T18:48:07.116+05:30  INFO 10468 --- [           main] com.zaxxer.hikari.pool.HikariPool        : HikariPool-1 - Added connection conn0: url=jdbc:h2:mem:lastmile user=SA
2026-08-24T18:48:07.120+05:30  INFO 10468 --- [           main] com.zaxxer.hikari.HikariDataSource       : HikariPool-1 - Start completed.
2026-08-24T18:48:07.178+05:30  WARN 10468 --- [           main] org.hibernate.orm.deprecation            : HHH90000025: H2Dialect does not need to be specified explicitly using 'hibernate.dialect' (remove the property setting and it will be selected by default)
2026-08-24T18:48:08.737+05:30  INFO 10468 --- [           main] o.h.e.t.j.p.i.JtaPlatformInitiator       : HHH000489: No JTA platform available (set 'hibernate.transaction.jta.platform' to enable JTA platform integration)
2026-08-24T18:48:08.897+05:30  INFO 10468 --- [           main] j.LocalContainerEntityManagerFactoryBean : Initialized JPA EntityManagerFactory for persistence unit 'default'
2026-08-24T18:48:09.358+05:30  INFO 10468 --- [           main] o.s.d.j.r.query.QueryEnhancerFactory     : Hibernate is in classpath; If applicable, HQL parser will be used.
2026-08-24T18:48:10.884+05:30  WARN 10468 --- [           main] JpaBaseConfiguration$JpaWebConfiguration : spring.jpa.open-in-view is enabled by default. Therefore, database queries may be performed during view rendering. Explicitly configure spring.jpa.open-in-view to disable this warning
2026-08-24T18:48:10.926+05:30  INFO 10468 --- [           main] r$InitializeUserDetailsManagerConfigurer : Global AuthenticationManager configured with UserDetailsService bean with name customUserDetailsService
2026-08-24T18:48:11.907+05:30  INFO 10468 --- [           main] o.s.b.a.h2.H2ConsoleAutoConfiguration    : H2 console available at '/h2-console'. Database available at 'jdbc:h2:mem:lastmile'
2026-08-24T18:48:11.998+05:30  INFO 10468 --- [           main] c.l.delivery.DeliveryApplicationTests    : Started DeliveryApplicationTests in 9.197 seconds (process running for 10.851)
2026-08-24T18:48:12.005+05:30  INFO 10468 --- [           main] c.l.delivery.config.DatabaseSeeder       : ? Starting database seeding...
2026-08-24T18:48:12.395+05:30  INFO 10468 --- [           main] c.l.delivery.config.DatabaseSeeder       : ? Admin seeded: admin@lastmile.com
2026-08-24T18:48:12.499+05:30  INFO 10468 --- [           main] c.l.delivery.config.DatabaseSeeder       : ? Test Customer seeded: customer@test.com
2026-08-24T18:48:12.535+05:30  INFO 10468 --- [           main] c.l.delivery.config.DatabaseSeeder       : ? Zones seeded: 11 zones
2026-08-24T18:48:12.738+05:30  INFO 10468 --- [           main] c.l.delivery.config.DatabaseSeeder       : ? Areas seeded: 38 mapped areas
2026-08-24T18:48:13.460+05:30  INFO 10468 --- [           main] c.l.delivery.config.DatabaseSeeder       : ? Rate Cards seeded: 242 cards
2026-08-24T18:48:13.466+05:30  INFO 10468 --- [           main] c.l.delivery.config.DatabaseSeeder       : ? COD Surcharges seeded (B2C=?30, B2B=?50)
2026-08-24T18:48:13.569+05:30  INFO 10468 --- [           main] c.l.delivery.config.DatabaseSeeder       : ? Agent 1 seeded: Raju Kumar (North Mumbai)
2026-08-24T18:48:13.711+05:30  INFO 10468 --- [           main] c.l.delivery.config.DatabaseSeeder       : ? Agent 2 seeded: Priya Singh (South Mumbai)
2026-08-24T18:48:13.711+05:30  INFO 10468 --- [           main] c.l.delivery.config.DatabaseSeeder       : ? Database seeding complete!
]]></system-out>
  </testcase>
</testsuite>